<?xml version="1.0" encoding="UTF-8"?>
<testng-results ignored="0" total="1" passed="1" failed="0" skipped="0">
  <reporter-output>
  </reporter-output>
  <suite started-at="2025-10-25T15:32:10 IST" name="Default suite" finished-at="2025-10-25T15:33:34 IST" duration-ms="84278">
    <groups>
    </groups>
    <test started-at="2025-10-25T15:32:10 IST" name="Default test" finished-at="2025-10-25T15:33:34 IST" duration-ms="84278">
      <class name="com.axissquare.qa.testcases.RegisterTest">
        <test-method is-config="true" signature="setup()[pri:0, instance:com.axissquare.qa.testcases.RegisterTest@6d4d66d2]" started-at="2025-10-25T15:32:10 IST" name="setup" finished-at="2025-10-25T15:33:32 IST" duration-ms="82048" status="PASS">
          <reporter-output>
          </reporter-output>
        </test-method> <!-- setup -->
        <test-method signature="verifyRegisteringAnAccountWithMandatoryFields()[pri:1, instance:com.axissquare.qa.testcases.RegisterTest@6d4d66d2]" started-at="2025-10-25T15:33:32 IST" name="verifyRegisteringAnAccountWithMandatoryFields" finished-at="2025-10-25T15:33:32 IST" duration-ms="26" status="PASS">
          <reporter-output>
          </reporter-output>
        </test-method> <!-- verifyRegisteringAnAccountWithMandatoryFields -->
        <test-method is-config="true" signature="tearDown()[pri:0, instance:com.axissquare.qa.testcases.RegisterTest@6d4d66d2]" started-at="2025-10-25T15:33:32 IST" name="tearDown" finished-at="2025-10-25T15:33:34 IST" duration-ms="2114" status="PASS">
          <reporter-output>
          </reporter-output>
        </test-method> <!-- tearDown -->
      </class> <!-- com.axissquare.qa.testcases.RegisterTest -->
    </test> <!-- Default test -->
  </suite> <!-- Default suite -->
</testng-results>
